{"/home/stanley/workspace/Te-Tihi/knexfile.js": {"path":"/home/stanley/workspace/Te-Tihi/knexfile.js","statementMap":{"0":{"start":{"line":1,"column":0},"end":{"line":31,"column":2}}},"fnMap":{},"branchMap":{},"s":{"0":1},"f":{},"b":{},"_coverageSchema":"332fd63041d2c1bcb487cc26dd0d5f7d97098a6c","hash":"d635f123fc12a5ffe26f4e30eedb38f3505b79bb"}
,"/home/stanley/workspace/Te-Tihi/migrations/20180919152952_create_user_table.js": {"path":"/home/stanley/workspace/Te-Tihi/migrations/20180919152952_create_user_table.js","statementMap":{"0":{"start":{"line":1,"column":0},"end":{"line":12,"column":2}},"1":{"start":{"line":2,"column":2},"end":{"line":11,"column":4}},"2":{"start":{"line":3,"column":4},"end":{"line":3,"column":36}},"3":{"start":{"line":4,"column":4},"end":{"line":4,"column":30}},"4":{"start":{"line":5,"column":4},"end":{"line":5,"column":29}},"5":{"start":{"line":6,"column":4},"end":{"line":6,"column":26}},"6":{"start":{"line":7,"column":4},"end":{"line":7,"column":24}},"7":{"start":{"line":8,"column":4},"end":{"line":8,"column":23}},"8":{"start":{"line":9,"column":4},"end":{"line":9,"column":28}},"9":{"start":{"line":10,"column":4},"end":{"line":10,"column":25}},"10":{"start":{"line":14,"column":0},"end":{"line":16,"column":2}},"11":{"start":{"line":15,"column":2},"end":{"line":15,"column":39}}},"fnMap":{"0":{"name":"(anonymous_0)","decl":{"start":{"line":1,"column":13},"end":{"line":1,"column":14}},"loc":{"start":{"line":1,"column":37},"end":{"line":12,"column":1}},"line":1},"1":{"name":"(anonymous_1)","decl":{"start":{"line":2,"column":42},"end":{"line":2,"column":43}},"loc":{"start":{"line":2,"column":51},"end":{"line":11,"column":3}},"line":2},"2":{"name":"(anonymous_2)","decl":{"start":{"line":14,"column":15},"end":{"line":14,"column":16}},"loc":{"start":{"line":14,"column":39},"end":{"line":16,"column":1}},"line":14}},"branchMap":{},"s":{"0":1,"1":1,"2":1,"3":1,"4":1,"5":1,"6":1,"7":1,"8":1,"9":1,"10":1,"11":0},"f":{"0":1,"1":1,"2":0},"b":{},"_coverageSchema":"332fd63041d2c1bcb487cc26dd0d5f7d97098a6c","hash":"81c5f2ee973af146cc421cf2b6654fcf4bc2efa6"}
,"/home/stanley/workspace/Te-Tihi/migrations/20180919153744_create_table_dreams.js": {"path":"/home/stanley/workspace/Te-Tihi/migrations/20180919153744_create_table_dreams.js","statementMap":{"0":{"start":{"line":1,"column":0},"end":{"line":10,"column":2}},"1":{"start":{"line":2,"column":2},"end":{"line":9,"column":4}},"2":{"start":{"line":3,"column":4},"end":{"line":3,"column":36}},"3":{"start":{"line":4,"column":4},"end":{"line":4,"column":31}},"4":{"start":{"line":5,"column":4},"end":{"line":5,"column":30}},"5":{"start":{"line":6,"column":4},"end":{"line":6,"column":24}},"6":{"start":{"line":7,"column":4},"end":{"line":7,"column":37}},"7":{"start":{"line":8,"column":4},"end":{"line":8,"column":24}},"8":{"start":{"line":12,"column":0},"end":{"line":14,"column":2}},"9":{"start":{"line":13,"column":2},"end":{"line":13,"column":40}}},"fnMap":{"0":{"name":"(anonymous_0)","decl":{"start":{"line":1,"column":13},"end":{"line":1,"column":14}},"loc":{"start":{"line":1,"column":37},"end":{"line":10,"column":1}},"line":1},"1":{"name":"(anonymous_1)","decl":{"start":{"line":2,"column":43},"end":{"line":2,"column":44}},"loc":{"start":{"line":2,"column":52},"end":{"line":9,"column":3}},"line":2},"2":{"name":"(anonymous_2)","decl":{"start":{"line":12,"column":15},"end":{"line":12,"column":16}},"loc":{"start":{"line":12,"column":39},"end":{"line":14,"column":1}},"line":12}},"branchMap":{},"s":{"0":1,"1":1,"2":1,"3":1,"4":1,"5":1,"6":1,"7":1,"8":1,"9":0},"f":{"0":1,"1":1,"2":0},"b":{},"_coverageSchema":"332fd63041d2c1bcb487cc26dd0d5f7d97098a6c","hash":"4f8e7c4bfc69554141b6abe278dfbc108bf17ab8"}
,"/home/stanley/workspace/Te-Tihi/migrations/20180919171602_create_table_whanau.js": {"path":"/home/stanley/workspace/Te-Tihi/migrations/20180919171602_create_table_whanau.js","statementMap":{"0":{"start":{"line":1,"column":0},"end":{"line":7,"column":2}},"1":{"start":{"line":2,"column":2},"end":{"line":6,"column":4}},"2":{"start":{"line":3,"column":4},"end":{"line":3,"column":36}},"3":{"start":{"line":4,"column":4},"end":{"line":4,"column":24}},"4":{"start":{"line":5,"column":4},"end":{"line":5,"column":37}},"5":{"start":{"line":9,"column":0},"end":{"line":11,"column":2}},"6":{"start":{"line":10,"column":2},"end":{"line":10,"column":44}}},"fnMap":{"0":{"name":"(anonymous_0)","decl":{"start":{"line":1,"column":13},"end":{"line":1,"column":14}},"loc":{"start":{"line":1,"column":37},"end":{"line":7,"column":1}},"line":1},"1":{"name":"(anonymous_1)","decl":{"start":{"line":2,"column":47},"end":{"line":2,"column":48}},"loc":{"start":{"line":2,"column":56},"end":{"line":6,"column":3}},"line":2},"2":{"name":"(anonymous_2)","decl":{"start":{"line":9,"column":15},"end":{"line":9,"column":16}},"loc":{"start":{"line":9,"column":39},"end":{"line":11,"column":1}},"line":9}},"branchMap":{},"s":{"0":1,"1":1,"2":1,"3":1,"4":1,"5":1,"6":0},"f":{"0":1,"1":1,"2":0},"b":{},"_coverageSchema":"332fd63041d2c1bcb487cc26dd0d5f7d97098a6c","hash":"ef38f975d81a6df34dcfe9b702b0332895f6291c"}
,"/home/stanley/workspace/Te-Tihi/migrations/20180919171803_create_table_tasks.js": {"path":"/home/stanley/workspace/Te-Tihi/migrations/20180919171803_create_table_tasks.js","statementMap":{"0":{"start":{"line":1,"column":0},"end":{"line":11,"column":2}},"1":{"start":{"line":2,"column":2},"end":{"line":10,"column":4}},"2":{"start":{"line":3,"column":4},"end":{"line":3,"column":36}},"3":{"start":{"line":4,"column":4},"end":{"line":4,"column":29}},"4":{"start":{"line":5,"column":4},"end":{"line":5,"column":29}},"5":{"start":{"line":6,"column":4},"end":{"line":6,"column":24}},"6":{"start":{"line":7,"column":4},"end":{"line":7,"column":24}},"7":{"start":{"line":8,"column":4},"end":{"line":8,"column":37}},"8":{"start":{"line":9,"column":4},"end":{"line":9,"column":25}},"9":{"start":{"line":13,"column":0},"end":{"line":15,"column":2}},"10":{"start":{"line":14,"column":2},"end":{"line":14,"column":39}}},"fnMap":{"0":{"name":"(anonymous_0)","decl":{"start":{"line":1,"column":13},"end":{"line":1,"column":14}},"loc":{"start":{"line":1,"column":37},"end":{"line":11,"column":1}},"line":1},"1":{"name":"(anonymous_1)","decl":{"start":{"line":2,"column":42},"end":{"line":2,"column":43}},"loc":{"start":{"line":2,"column":51},"end":{"line":10,"column":3}},"line":2},"2":{"name":"(anonymous_2)","decl":{"start":{"line":13,"column":15},"end":{"line":13,"column":16}},"loc":{"start":{"line":13,"column":39},"end":{"line":15,"column":1}},"line":13}},"branchMap":{},"s":{"0":1,"1":1,"2":1,"3":1,"4":1,"5":1,"6":1,"7":1,"8":1,"9":1,"10":0},"f":{"0":1,"1":1,"2":0},"b":{},"_coverageSchema":"332fd63041d2c1bcb487cc26dd0d5f7d97098a6c","hash":"06da140f57926e5a8b987e67b9fabfe63b41ed63"}
,"/home/stanley/workspace/Te-Tihi/migrations/20180919173004_create_table_daily_logs.js": {"path":"/home/stanley/workspace/Te-Tihi/migrations/20180919173004_create_table_daily_logs.js","statementMap":{"0":{"start":{"line":1,"column":0},"end":{"line":8,"column":2}},"1":{"start":{"line":2,"column":2},"end":{"line":7,"column":4}},"2":{"start":{"line":3,"column":4},"end":{"line":3,"column":36}},"3":{"start":{"line":4,"column":4},"end":{"line":4,"column":28}},"4":{"start":{"line":5,"column":4},"end":{"line":5,"column":29}},"5":{"start":{"line":6,"column":4},"end":{"line":6,"column":24}},"6":{"start":{"line":10,"column":0},"end":{"line":12,"column":2}},"7":{"start":{"line":11,"column":2},"end":{"line":11,"column":40}}},"fnMap":{"0":{"name":"(anonymous_0)","decl":{"start":{"line":1,"column":13},"end":{"line":1,"column":14}},"loc":{"start":{"line":1,"column":37},"end":{"line":8,"column":1}},"line":1},"1":{"name":"(anonymous_1)","decl":{"start":{"line":2,"column":43},"end":{"line":2,"column":44}},"loc":{"start":{"line":2,"column":52},"end":{"line":7,"column":3}},"line":2},"2":{"name":"(anonymous_2)","decl":{"start":{"line":10,"column":15},"end":{"line":10,"column":16}},"loc":{"start":{"line":10,"column":39},"end":{"line":12,"column":1}},"line":10}},"branchMap":{},"s":{"0":1,"1":1,"2":1,"3":1,"4":1,"5":1,"6":1,"7":0},"f":{"0":1,"1":1,"2":0},"b":{},"_coverageSchema":"332fd63041d2c1bcb487cc26dd0d5f7d97098a6c","hash":"fb3406f3ce5d1ecef94e189c2b1bb1b1f90b33b1"}
,"/home/stanley/workspace/Te-Tihi/migrations/20180919173700_create_table_whanaumembers.js": {"path":"/home/stanley/workspace/Te-Tihi/migrations/20180919173700_create_table_whanaumembers.js","statementMap":{"0":{"start":{"line":2,"column":0},"end":{"line":8,"column":2}},"1":{"start":{"line":3,"column":2},"end":{"line":7,"column":4}},"2":{"start":{"line":4,"column":4},"end":{"line":4,"column":36}},"3":{"start":{"line":5,"column":4},"end":{"line":5,"column":30}},"4":{"start":{"line":6,"column":4},"end":{"line":6,"column":30}},"5":{"start":{"line":10,"column":0},"end":{"line":12,"column":2}},"6":{"start":{"line":11,"column":2},"end":{"line":11,"column":47}}},"fnMap":{"0":{"name":"(anonymous_0)","decl":{"start":{"line":2,"column":13},"end":{"line":2,"column":14}},"loc":{"start":{"line":2,"column":37},"end":{"line":8,"column":1}},"line":2},"1":{"name":"(anonymous_1)","decl":{"start":{"line":3,"column":50},"end":{"line":3,"column":51}},"loc":{"start":{"line":3,"column":59},"end":{"line":7,"column":3}},"line":3},"2":{"name":"(anonymous_2)","decl":{"start":{"line":10,"column":15},"end":{"line":10,"column":16}},"loc":{"start":{"line":10,"column":39},"end":{"line":12,"column":1}},"line":10}},"branchMap":{},"s":{"0":1,"1":1,"2":1,"3":1,"4":1,"5":1,"6":0},"f":{"0":1,"1":1,"2":0},"b":{},"_coverageSchema":"332fd63041d2c1bcb487cc26dd0d5f7d97098a6c","hash":"ab61384c3b78630cfca40e2fbb657a3da8066c43"}
,"/home/stanley/workspace/Te-Tihi/migrations/20180919173839_create_table_friendships.js": {"path":"/home/stanley/workspace/Te-Tihi/migrations/20180919173839_create_table_friendships.js","statementMap":{"0":{"start":{"line":1,"column":0},"end":{"line":7,"column":2}},"1":{"start":{"line":2,"column":2},"end":{"line":6,"column":4}},"2":{"start":{"line":3,"column":4},"end":{"line":3,"column":36}},"3":{"start":{"line":4,"column":4},"end":{"line":4,"column":30}},"4":{"start":{"line":5,"column":4},"end":{"line":5,"column":30}},"5":{"start":{"line":9,"column":0},"end":{"line":11,"column":2}},"6":{"start":{"line":10,"column":2},"end":{"line":10,"column":45}}},"fnMap":{"0":{"name":"(anonymous_0)","decl":{"start":{"line":1,"column":13},"end":{"line":1,"column":14}},"loc":{"start":{"line":1,"column":37},"end":{"line":7,"column":1}},"line":1},"1":{"name":"(anonymous_1)","decl":{"start":{"line":2,"column":48},"end":{"line":2,"column":49}},"loc":{"start":{"line":2,"column":57},"end":{"line":6,"column":3}},"line":2},"2":{"name":"(anonymous_2)","decl":{"start":{"line":9,"column":15},"end":{"line":9,"column":16}},"loc":{"start":{"line":9,"column":39},"end":{"line":11,"column":1}},"line":9}},"branchMap":{},"s":{"0":1,"1":1,"2":1,"3":1,"4":1,"5":1,"6":0},"f":{"0":1,"1":1,"2":0},"b":{},"_coverageSchema":"332fd63041d2c1bcb487cc26dd0d5f7d97098a6c","hash":"e8fd42bd403260c9557516550e240906b2b44cd2"}
,"/home/stanley/workspace/Te-Tihi/migrations/20180919174056_create_table_colab_invites.js": {"path":"/home/stanley/workspace/Te-Tihi/migrations/20180919174056_create_table_colab_invites.js","statementMap":{"0":{"start":{"line":1,"column":0},"end":{"line":8,"column":2}},"1":{"start":{"line":2,"column":2},"end":{"line":7,"column":4}},"2":{"start":{"line":3,"column":4},"end":{"line":3,"column":36}},"3":{"start":{"line":4,"column":4},"end":{"line":4,"column":30}},"4":{"start":{"line":5,"column":4},"end":{"line":5,"column":32}},"5":{"start":{"line":6,"column":4},"end":{"line":6,"column":24}},"6":{"start":{"line":10,"column":0},"end":{"line":12,"column":2}},"7":{"start":{"line":11,"column":2},"end":{"line":11,"column":46}}},"fnMap":{"0":{"name":"(anonymous_0)","decl":{"start":{"line":1,"column":13},"end":{"line":1,"column":14}},"loc":{"start":{"line":1,"column":37},"end":{"line":8,"column":1}},"line":1},"1":{"name":"(anonymous_1)","decl":{"start":{"line":2,"column":49},"end":{"line":2,"column":50}},"loc":{"start":{"line":2,"column":58},"end":{"line":7,"column":3}},"line":2},"2":{"name":"(anonymous_2)","decl":{"start":{"line":10,"column":15},"end":{"line":10,"column":16}},"loc":{"start":{"line":10,"column":39},"end":{"line":12,"column":1}},"line":10}},"branchMap":{},"s":{"0":1,"1":1,"2":1,"3":1,"4":1,"5":1,"6":1,"7":0},"f":{"0":1,"1":1,"2":0},"b":{},"_coverageSchema":"332fd63041d2c1bcb487cc26dd0d5f7d97098a6c","hash":"ecc7244fb08c9748abee87ef10556f2cfa2f7e00"}
,"/home/stanley/workspace/Te-Tihi/migrations/20180919174302_create_table_friendship_invites.js": {"path":"/home/stanley/workspace/Te-Tihi/migrations/20180919174302_create_table_friendship_invites.js","statementMap":{"0":{"start":{"line":1,"column":0},"end":{"line":7,"column":2}},"1":{"start":{"line":2,"column":2},"end":{"line":6,"column":4}},"2":{"start":{"line":3,"column":4},"end":{"line":3,"column":36}},"3":{"start":{"line":4,"column":4},"end":{"line":4,"column":30}},"4":{"start":{"line":5,"column":4},"end":{"line":5,"column":32}},"5":{"start":{"line":9,"column":0},"end":{"line":11,"column":2}},"6":{"start":{"line":10,"column":2},"end":{"line":10,"column":51}}},"fnMap":{"0":{"name":"(anonymous_0)","decl":{"start":{"line":1,"column":13},"end":{"line":1,"column":14}},"loc":{"start":{"line":1,"column":37},"end":{"line":7,"column":1}},"line":1},"1":{"name":"(anonymous_1)","decl":{"start":{"line":2,"column":54},"end":{"line":2,"column":55}},"loc":{"start":{"line":2,"column":63},"end":{"line":6,"column":3}},"line":2},"2":{"name":"(anonymous_2)","decl":{"start":{"line":9,"column":15},"end":{"line":9,"column":16}},"loc":{"start":{"line":9,"column":39},"end":{"line":11,"column":1}},"line":9}},"branchMap":{},"s":{"0":1,"1":1,"2":1,"3":1,"4":1,"5":1,"6":0},"f":{"0":1,"1":1,"2":0},"b":{},"_coverageSchema":"332fd63041d2c1bcb487cc26dd0d5f7d97098a6c","hash":"1e2edb70574491d205d2d3a9e73b056fc3ed3209"}
,"/home/stanley/workspace/Te-Tihi/migrations/20180920092125_create_table_contributors.js": {"path":"/home/stanley/workspace/Te-Tihi/migrations/20180920092125_create_table_contributors.js","statementMap":{"0":{"start":{"line":2,"column":0},"end":{"line":8,"column":2}},"1":{"start":{"line":3,"column":2},"end":{"line":7,"column":4}},"2":{"start":{"line":4,"column":4},"end":{"line":4,"column":36}},"3":{"start":{"line":5,"column":4},"end":{"line":5,"column":35}},"4":{"start":{"line":6,"column":4},"end":{"line":6,"column":29}},"5":{"start":{"line":10,"column":0},"end":{"line":12,"column":2}},"6":{"start":{"line":11,"column":2},"end":{"line":11,"column":46}}},"fnMap":{"0":{"name":"(anonymous_0)","decl":{"start":{"line":2,"column":13},"end":{"line":2,"column":14}},"loc":{"start":{"line":2,"column":37},"end":{"line":8,"column":1}},"line":2},"1":{"name":"(anonymous_1)","decl":{"start":{"line":3,"column":49},"end":{"line":3,"column":50}},"loc":{"start":{"line":3,"column":58},"end":{"line":7,"column":3}},"line":3},"2":{"name":"(anonymous_2)","decl":{"start":{"line":10,"column":15},"end":{"line":10,"column":16}},"loc":{"start":{"line":10,"column":39},"end":{"line":12,"column":1}},"line":10}},"branchMap":{},"s":{"0":1,"1":1,"2":1,"3":1,"4":1,"5":1,"6":0},"f":{"0":1,"1":1,"2":0},"b":{},"_coverageSchema":"332fd63041d2c1bcb487cc26dd0d5f7d97098a6c","hash":"c256cd3882e29c9e6ecd0e076fd7a7425f742f71"}
,"/home/stanley/workspace/Te-Tihi/seeds/user_seeds.js": {"path":"/home/stanley/workspace/Te-Tihi/seeds/user_seeds.js","statementMap":{"0":{"start":{"line":2,"column":0},"end":{"line":13,"column":2}},"1":{"start":{"line":4,"column":2},"end":{"line":4,"column":28}}},"fnMap":{"0":{"name":"(anonymous_0)","decl":{"start":{"line":2,"column":15},"end":{"line":2,"column":16}},"loc":{"start":{"line":2,"column":39},"end":{"line":13,"column":1}},"line":2}},"branchMap":{},"s":{"0":1,"1":1},"f":{"0":1},"b":{},"_coverageSchema":"332fd63041d2c1bcb487cc26dd0d5f7d97098a6c","hash":"7108933af1823a9172ad0bd1b3dcac6a579fbf5f"}
,"/home/stanley/workspace/Te-Tihi/server/db/connection.js": {"path":"/home/stanley/workspace/Te-Tihi/server/db/connection.js","statementMap":{"0":{"start":{"line":1,"column":13},"end":{"line":1,"column":28}},"1":{"start":{"line":2,"column":15},"end":{"line":2,"column":79}},"2":{"start":{"line":4,"column":0},"end":{"line":4,"column":29}}},"fnMap":{},"branchMap":{"0":{"loc":{"start":{"line":2,"column":41},"end":{"line":2,"column":78}},"type":"binary-expr","locations":[{"start":{"line":2,"column":41},"end":{"line":2,"column":61}},{"start":{"line":2,"column":65},"end":{"line":2,"column":78}}],"line":2}},"s":{"0":1,"1":1,"2":1},"f":{},"b":{"0":[1,0]},"_coverageSchema":"332fd63041d2c1bcb487cc26dd0d5f7d97098a6c","hash":"f3e07e8b07342ec041a85a5f721308dc74939bef"}
,"/home/stanley/workspace/Te-Tihi/server/db/users.js": {"path":"/home/stanley/workspace/Te-Tihi/server/db/users.js","statementMap":{"0":{"start":{"line":1,"column":13},"end":{"line":1,"column":36}},"1":{"start":{"line":4,"column":13},"end":{"line":4,"column":27}},"2":{"start":{"line":6,"column":2},"end":{"line":8,"column":12}},"3":{"start":{"line":12,"column":13},"end":{"line":12,"column":27}},"4":{"start":{"line":14,"column":2},"end":{"line":14,"column":46}},"5":{"start":{"line":17,"column":0},"end":{"line":20,"column":1}}},"fnMap":{"0":{"name":"getUserByID","decl":{"start":{"line":3,"column":9},"end":{"line":3,"column":20}},"loc":{"start":{"line":3,"column":36},"end":{"line":9,"column":1}},"line":3},"1":{"name":"addUser","decl":{"start":{"line":11,"column":9},"end":{"line":11,"column":16}},"loc":{"start":{"line":11,"column":34},"end":{"line":15,"column":1}},"line":11}},"branchMap":{"0":{"loc":{"start":{"line":4,"column":13},"end":{"line":4,"column":27}},"type":"binary-expr","locations":[{"start":{"line":4,"column":13},"end":{"line":4,"column":19}},{"start":{"line":4,"column":23},"end":{"line":4,"column":27}}],"line":4},"1":{"loc":{"start":{"line":12,"column":13},"end":{"line":12,"column":27}},"type":"binary-expr","locations":[{"start":{"line":12,"column":13},"end":{"line":12,"column":19}},{"start":{"line":12,"column":23},"end":{"line":12,"column":27}}],"line":12}},"s":{"0":1,"1":0,"2":0,"3":1,"4":1,"5":1},"f":{"0":0,"1":1},"b":{"0":[0,0],"1":[1,0]},"_coverageSchema":"332fd63041d2c1bcb487cc26dd0d5f7d97098a6c","hash":"3e6737936cb4afe1b71f8f59c2b0148148bd96e4"}
,"/home/stanley/workspace/Te-Tihi/tests/server/db/test-environment.js": {"path":"/home/stanley/workspace/Te-Tihi/tests/server/db/test-environment.js","statementMap":{"0":{"start":{"line":1,"column":13},"end":{"line":1,"column":28}},"1":{"start":{"line":3,"column":19},"end":{"line":3,"column":52}},"2":{"start":{"line":5,"column":0},"end":{"line":22,"column":1}},"3":{"start":{"line":7,"column":19},"end":{"line":7,"column":35}},"4":{"start":{"line":12,"column":4},"end":{"line":15,"column":8}},"5":{"start":{"line":14,"column":8},"end":{"line":14,"column":28}},"6":{"start":{"line":20,"column":4},"end":{"line":20,"column":23}}},"fnMap":{"0":{"name":"(anonymous_0)","decl":{"start":{"line":7,"column":13},"end":{"line":7,"column":14}},"loc":{"start":{"line":7,"column":19},"end":{"line":7,"column":35}},"line":7},"1":{"name":"(anonymous_1)","decl":{"start":{"line":11,"column":14},"end":{"line":11,"column":15}},"loc":{"start":{"line":11,"column":22},"end":{"line":16,"column":3}},"line":11},"2":{"name":"(anonymous_2)","decl":{"start":{"line":13,"column":12},"end":{"line":13,"column":13}},"loc":{"start":{"line":13,"column":18},"end":{"line":15,"column":7}},"line":13},"3":{"name":"(anonymous_3)","decl":{"start":{"line":19,"column":11},"end":{"line":19,"column":12}},"loc":{"start":{"line":19,"column":19},"end":{"line":21,"column":3}},"line":19}},"branchMap":{},"s":{"0":1,"1":1,"2":1,"3":1,"4":1,"5":1,"6":1},"f":{"0":1,"1":1,"2":1,"3":1},"b":{},"_coverageSchema":"332fd63041d2c1bcb487cc26dd0d5f7d97098a6c","hash":"28f71f409e524f61ba74cb842cafe8bbcfd4fd22"}
}
