TN:
SF:/home/stanley/workspace/Te-Tihi/knexfile.js
FNF:0
FNH:0
DA:1,1
LF:1
LH:1
BRF:0
BRH:0
end_of_record
TN:
SF:/home/stanley/workspace/Te-Tihi/migrations/20180919152952_create_user_table.js
FN:1,(anonymous_0)
FN:2,(anonymous_1)
FN:14,(anonymous_2)
FNF:3
FNH:2
FNDA:1,(anonymous_0)
FNDA:1,(anonymous_1)
FNDA:0,(anonymous_2)
DA:1,1
DA:2,1
DA:3,1
DA:4,1
DA:5,1
DA:6,1
DA:7,1
DA:8,1
DA:9,1
DA:10,1
DA:14,1
DA:15,0
LF:12
LH:11
BRF:0
BRH:0
end_of_record
TN:
SF:/home/stanley/workspace/Te-Tihi/migrations/20180919153744_create_table_dreams.js
FN:1,(anonymous_0)
FN:2,(anonymous_1)
FN:12,(anonymous_2)
FNF:3
FNH:2
FNDA:1,(anonymous_0)
FNDA:1,(anonymous_1)
FNDA:0,(anonymous_2)
DA:1,1
DA:2,1
DA:3,1
DA:4,1
DA:5,1
DA:6,1
DA:7,1
DA:8,1
DA:12,1
DA:13,0
LF:10
LH:9
BRF:0
BRH:0
end_of_record
TN:
SF:/home/stanley/workspace/Te-Tihi/migrations/20180919171602_create_table_whanau.js
FN:1,(anonymous_0)
FN:2,(anonymous_1)
FN:9,(anonymous_2)
FNF:3
FNH:2
FNDA:1,(anonymous_0)
FNDA:1,(anonymous_1)
FNDA:0,(anonymous_2)
DA:1,1
DA:2,1
DA:3,1
DA:4,1
DA:5,1
DA:9,1
DA:10,0
LF:7
LH:6
BRF:0
BRH:0
end_of_record
TN:
SF:/home/stanley/workspace/Te-Tihi/migrations/20180919171803_create_table_tasks.js
FN:1,(anonymous_0)
FN:2,(anonymous_1)
FN:13,(anonymous_2)
FNF:3
FNH:2
FNDA:1,(anonymous_0)
FNDA:1,(anonymous_1)
FNDA:0,(anonymous_2)
DA:1,1
DA:2,1
DA:3,1
DA:4,1
DA:5,1
DA:6,1
DA:7,1
DA:8,1
DA:9,1
DA:13,1
DA:14,0
LF:11
LH:10
BRF:0
BRH:0
end_of_record
TN:
SF:/home/stanley/workspace/Te-Tihi/migrations/20180919173004_create_table_daily_logs.js
FN:1,(anonymous_0)
FN:2,(anonymous_1)
FN:10,(anonymous_2)
FNF:3
FNH:2
FNDA:1,(anonymous_0)
FNDA:1,(anonymous_1)
FNDA:0,(anonymous_2)
DA:1,1
DA:2,1
DA:3,1
DA:4,1
DA:5,1
DA:6,1
DA:10,1
DA:11,0
LF:8
LH:7
BRF:0
BRH:0
end_of_record
TN:
SF:/home/stanley/workspace/Te-Tihi/migrations/20180919173700_create_table_whanaumembers.js
FN:2,(anonymous_0)
FN:3,(anonymous_1)
FN:10,(anonymous_2)
FNF:3
FNH:2
FNDA:1,(anonymous_0)
FNDA:1,(anonymous_1)
FNDA:0,(anonymous_2)
DA:2,1
DA:3,1
DA:4,1
DA:5,1
DA:6,1
DA:10,1
DA:11,0
LF:7
LH:6
BRF:0
BRH:0
end_of_record
TN:
SF:/home/stanley/workspace/Te-Tihi/migrations/20180919173839_create_table_friendships.js
FN:1,(anonymous_0)
FN:2,(anonymous_1)
FN:9,(anonymous_2)
FNF:3
FNH:2
FNDA:1,(anonymous_0)
FNDA:1,(anonymous_1)
FNDA:0,(anonymous_2)
DA:1,1
DA:2,1
DA:3,1
DA:4,1
DA:5,1
DA:9,1
DA:10,0
LF:7
LH:6
BRF:0
BRH:0
end_of_record
TN:
SF:/home/stanley/workspace/Te-Tihi/migrations/20180919174056_create_table_colab_invites.js
FN:1,(anonymous_0)
FN:2,(anonymous_1)
FN:10,(anonymous_2)
FNF:3
FNH:2
FNDA:1,(anonymous_0)
FNDA:1,(anonymous_1)
FNDA:0,(anonymous_2)
DA:1,1
DA:2,1
DA:3,1
DA:4,1
DA:5,1
DA:6,1
DA:10,1
DA:11,0
LF:8
LH:7
BRF:0
BRH:0
end_of_record
TN:
SF:/home/stanley/workspace/Te-Tihi/migrations/20180919174302_create_table_friendship_invites.js
FN:1,(anonymous_0)
FN:2,(anonymous_1)
FN:9,(anonymous_2)
FNF:3
FNH:2
FNDA:1,(anonymous_0)
FNDA:1,(anonymous_1)
FNDA:0,(anonymous_2)
DA:1,1
DA:2,1
DA:3,1
DA:4,1
DA:5,1
DA:9,1
DA:10,0
LF:7
LH:6
BRF:0
BRH:0
end_of_record
TN:
SF:/home/stanley/workspace/Te-Tihi/migrations/20180920092125_create_table_contributors.js
FN:2,(anonymous_0)
FN:3,(anonymous_1)
FN:10,(anonymous_2)
FNF:3
FNH:2
FNDA:1,(anonymous_0)
FNDA:1,(anonymous_1)
FNDA:0,(anonymous_2)
DA:2,1
DA:3,1
DA:4,1
DA:5,1
DA:6,1
DA:10,1
DA:11,0
LF:7
LH:6
BRF:0
BRH:0
end_of_record
TN:
SF:/home/stanley/workspace/Te-Tihi/seeds/user_seeds.js
FN:2,(anonymous_0)
FNF:1
FNH:1
FNDA:1,(anonymous_0)
DA:2,1
DA:4,1
LF:2
LH:2
BRF:0
BRH:0
end_of_record
TN:
SF:/home/stanley/workspace/Te-Tihi/server/db/connection.js
FNF:0
FNH:0
DA:1,1
DA:2,1
DA:4,1
LF:3
LH:3
BRDA:2,0,0,1
BRDA:2,0,1,0
BRF:2
BRH:1
end_of_record
TN:
SF:/home/stanley/workspace/Te-Tihi/server/db/users.js
FN:3,getUserByID
FN:11,addUser
FNF:2
FNH:1
FNDA:0,getUserByID
FNDA:1,addUser
DA:1,1
DA:4,0
DA:6,0
DA:12,1
DA:14,1
DA:17,1
LF:6
LH:4
BRDA:4,0,0,0
BRDA:4,0,1,0
BRDA:12,1,0,1
BRDA:12,1,1,0
BRF:4
BRH:1
end_of_record
TN:
SF:/home/stanley/workspace/Te-Tihi/tests/server/db/test-environment.js
FN:7,(anonymous_0)
FN:11,(anonymous_1)
FN:13,(anonymous_2)
FN:19,(anonymous_3)
FNF:4
FNH:4
FNDA:1,(anonymous_0)
FNDA:1,(anonymous_1)
FNDA:1,(anonymous_2)
FNDA:1,(anonymous_3)
DA:1,1
DA:3,1
DA:5,1
DA:7,1
DA:12,1
DA:14,1
DA:20,1
LF:7
LH:7
BRF:0
BRH:0
end_of_record
